<?xml version="1.0" encoding="UTF-8"?>
<!-- Generated by org.testng.reporters.JUnitReportReporter -->
<testsuite ignored="0" hostname="DESKTOP-TLFLE7Q" failures="0" tests="1" name="com.testcases.LoginPage_Test" time="53.161" errors="0" timestamp="21 Sep 2019 13:41:23 GMT" skipped="0">
  <testcase classname="com.testcases.LoginPage_Test" name="Method" time="53.161"/>
</testsuite> <!-- com.testcases.LoginPage_Test -->
