<?xml version="1.0" encoding="UTF-8"?>
<!-- Generated by org.testng.reporters.JUnitReportReporter -->
<testsuite ignored="0" hostname="DESKTOP-TLFLE7Q" failures="0" tests="1" name="com.testcases.LoginPage_Test" time="44.114" errors="0" timestamp="18 Sep 2019 17:07:42 GMT" skipped="0">
  <testcase classname="com.testcases.LoginPage_Test" name="Method" time="44.114"/>
</testsuite> <!-- com.testcases.LoginPage_Test -->
